<?xml version="1.0" encoding="UTF-8"?>
<!-- Generated by org.testng.reporters.JUnitReportReporter -->
<testsuite skipped="0" hostname="CBEN-0163L14-LX" name="co.testautomation.testcases.M7_Activity1_PG" tests="4" failures="0" timestamp="22 Mar 2021 01:45:50 GMT" time="8.998" errors="0">
  <testcase name="navigateToRegister" time="1.608" classname="co.testautomation.testcases.M7_Activity1_PG"/>
  <testcase name="register" time="3.477" classname="co.testautomation.testcases.M7_Activity1_PG"/>
  <testcase name="navigateToLogin" time="1.747" classname="co.testautomation.testcases.M7_Activity1_PG"/>
  <testcase name="login" time="2.166" classname="co.testautomation.testcases.M7_Activity1_PG"/>
</testsuite> <!-- co.testautomation.testcases.M7_Activity1_PG -->
