<?xml version="1.0" encoding="UTF-8"?>
<!-- Generated by org.testng.reporters.JUnitReportReporter -->
<testsuite skipped="0" hostname="CBEN-0163L14-LX" name="co.testautomation.testcases.TestCase" tests="1" failures="0" timestamp="01 Mar 2021 18:34:57 GMT" time="8.448" errors="0">
  <testcase name="Test" time="8.448" classname="co.testautomation.testcases.TestCase"/>
</testsuite> <!-- co.testautomation.testcases.TestCase -->
